<?xml version="1.0" encoding="UTF-8"?>
<testsuite xmlns:xsi="http://www.w3.org/2001/XMLSchema-instance" xsi:noNamespaceSchemaLocation="https://maven.apache.org/surefire/maven-surefire-plugin/xsd/surefire-test-report.xsd" name="com.cs304.csfunding.controller.UserControllerTest" time="0.101" tests="8" errors="0" skipped="0" failures="0">
  <properties>
[...]
</properties>
  <testcase name="testAddUser" classname="com.cs304.csfunding.controller.UserControllerTest" time="0.014"/>
  <testcase name="testGetUserByPhoneNum_existingUser" classname="com.cs304.csfunding.controller.UserControllerTest" time="0.015"/>
  <testcase name="testGetAllAdmin" classname="com.cs304.csfunding.controller.UserControllerTest" time="0.013"/>
  <testcase name="testGetUserByPhoneNum_nonExistingUser" classname="com.cs304.csfunding.controller.UserControllerTest" time="0.012"/>
  <testcase name="testGetAllUser" classname="com.cs304.csfunding.controller.UserControllerTest" time="0.012"/>
  <testcase name="testGetUserByID_nonExistingUser" classname="com.cs304.csfunding.controller.UserControllerTest" time="0.011"/>
  <testcase name="testGetCurrentUser_nonExistingUser" classname="com.cs304.csfunding.controller.UserControllerTest" time="0.01"/>
  <testcase name="testGetUserByID_existingUser" classname="com.cs304.csfunding.controller.UserControllerTest" time="0.01"/>
</testsuite>